#-----------------------------------------------------------
# Vivado v2018.2 (64-bit)
# SW Build 2258646 on Thu Jun 14 20:03:12 MDT 2018
# IP Build 2256618 on Thu Jun 14 22:10:49 MDT 2018
# Start of session at: Mon Jun  5 23:09:45 2023
# Process ID: 24408
# Current directory: F:/New folder/NanoProcessorUpgraded
# Command line: vivado.exe -gui_launcher_event rodinguilauncherevent19120 F:\New folder\NanoProcessorUpgraded\Nano Processor.xpr
# Log file: F:/New folder/NanoProcessorUpgraded/vivado.log
# Journal file: F:/New folder/NanoProcessorUpgraded\vivado.jou
#-----------------------------------------------------------
start_gui
open_project {F:/New folder/NanoProcessorUpgraded/Nano Processor.xpr}
INFO: [Project 1-313] Project file moved from 'F:/New folder/Nano-Processor-2' since last save.
Scanning sources...
Finished scanning sources
INFO: [IP_Flow 19-234] Refreshing IP repositories
INFO: [IP_Flow 19-1704] No user IP repositories specified
INFO: [IP_Flow 19-2313] Loaded Vivado IP repository 'C:/Xilinx/Vivado/2018.2/data/ip'.
open_project: Time (s): cpu = 00:00:03 ; elapsed = 00:00:06 . Memory (MB): peak = 989.008 ; gain = 221.180
update_compile_order -fileset sources_1
close [ open {F:/New folder/NanoProcessorUpgraded/Nano Processor.srcs/sources_1/new/Multiplicater.vhd} w ]
add_files {{F:/New folder/NanoProcessorUpgraded/Nano Processor.srcs/sources_1/new/Multiplicater.vhd}}
update_compile_order -fileset sources_1
set_property SOURCE_SET sources_1 [get_filesets sim_1]
close [ open {F:/New folder/NanoProcessorUpgraded/Nano Processor.srcs/sim_1/new/TB_Multiplicator.vhd} w ]
add_files -fileset sim_1 {{F:/New folder/NanoProcessorUpgraded/Nano Processor.srcs/sim_1/new/TB_Multiplicator.vhd}}
update_compile_order -fileset sim_1
set_property top TB_Multiplicator [get_filesets sim_1]
set_property top_lib xil_defaultlib [get_filesets sim_1]
update_compile_order -fileset sim_1
update_compile_order -fileset sim_1
update_compile_order -fileset sim_1
launch_simulation
INFO: [Vivado 12-5682] Launching behavioral simulation in 'F:/New folder/NanoProcessorUpgraded/Nano Processor.sim/sim_1/behav/xsim'
INFO: [SIM-utils-51] Simulation object is 'sim_1'
INFO: [SIM-utils-54] Inspecting design source files for 'TB_Multiplicator' in fileset 'sim_1'...
INFO: [USF-XSim-97] Finding global include files...
INFO: [USF-XSim-98] Fetching design files from 'sim_1'...
INFO: [USF-XSim-2] XSim::Compile design
INFO: [USF-XSim-61] Executing 'COMPILE and ANALYZE' step in 'F:/New folder/NanoProcessorUpgraded/Nano Processor.sim/sim_1/behav/xsim'
"xvhdl --incr --relax -prj TB_Multiplicator_vhdl.prj"
INFO: [VRFC 10-163] Analyzing VHDL file "F:/New folder/NanoProcessorUpgraded/Nano Processor.srcs/sim_1/new/TB_Multiplicator.vhd" into library xil_defaultlib
INFO: [VRFC 10-307] analyzing entity TB_Multiplicator
INFO: [USF-XSim-69] 'compile' step finished in '1' seconds
INFO: [USF-XSim-3] XSim::Elaborate design
INFO: [USF-XSim-61] Executing 'ELABORATE' step in 'F:/New folder/NanoProcessorUpgraded/Nano Processor.sim/sim_1/behav/xsim'
Vivado Simulator 2018.2
Copyright 1986-1999, 2001-2018 Xilinx, Inc. All Rights Reserved.
Running: C:/Xilinx/Vivado/2018.2/bin/unwrapped/win64.o/xelab.exe -wto 2336290a19254460a9c4c30458859528 --incr --debug typical --relax --mt 2 -L xil_defaultlib -L secureip --snapshot TB_Multiplicator_behav xil_defaultlib.TB_Multiplicator -log elaborate.log 
Using 2 slave threads.
Starting static elaboration
Completed static elaboration
Starting simulation data flow analysis
Completed simulation data flow analysis
Time Resolution for simulation is 1ps
Compiling package std.standard
Compiling package std.textio
Compiling package ieee.std_logic_1164
Compiling architecture behavioral of entity xil_defaultlib.tb_multiplicator
Built simulation snapshot TB_Multiplicator_behav

****** Webtalk v2018.2 (64-bit)
  **** SW Build 2258646 on Thu Jun 14 20:03:12 MDT 2018
  **** IP Build 2256618 on Thu Jun 14 22:10:49 MDT 2018
    ** Copyright 1986-2018 Xilinx, Inc. All Rights Reserved.

source F:/New -notrace
invalid command name "%"
    while executing
"% Total    % Received % Xferd  Average Speed   Time    Time     Time  Current"
    (file "F:/New" line 1)
INFO: [Common 17-206] Exiting Webtalk at Mon Jun  5 23:19:54 2023...
INFO: [USF-XSim-69] 'elaborate' step finished in '2' seconds
INFO: [USF-XSim-4] XSim::Simulate design
INFO: [USF-XSim-61] Executing 'SIMULATE' step in 'F:/New folder/NanoProcessorUpgraded/Nano Processor.sim/sim_1/behav/xsim'
INFO: [USF-XSim-98] *** Running xsim
   with args "TB_Multiplicator_behav -key {Behavioral:sim_1:Functional:TB_Multiplicator} -tclbatch {TB_Multiplicator.tcl} -view {{F:/New folder/NanoProcessorUpgraded/TB_processor_behav.wcfg}} -log {simulate.log}"
INFO: [USF-XSim-8] Loading simulator feature
Vivado Simulator 2018.2
Time resolution is 1 ps
open_wave_config {F:/New folder/NanoProcessorUpgraded/TB_processor_behav.wcfg}
WARNING: Simulation object /TB_processor/Clk was not found in the design.
WARNING: Simulation object /TB_processor/UUT/Programcounter/Q was not found in the design.
WARNING: Simulation object /TB_processor/UUT/slow_down_clock/Clk_out was not found in the design.
WARNING: Simulation object /TB_processor/UUT/Registerbank/reg_1/Q was not found in the design.
source TB_Multiplicator.tcl
# set curr_wave [current_wave_config]
# if { [string length $curr_wave] == 0 } {
#   if { [llength [get_objects]] > 0} {
#     add_wave /
#     set_property needs_save false [current_wave_config]
#   } else {
#      send_msg_id Add_Wave-1 WARNING "No top level signals found. Simulator will start without a wave window. If you want to open a wave window go to 'File->New Waveform Configuration' or type 'create_wave_config' in the TCL console."
#   }
# }
# run 1000ns
INFO: [USF-XSim-96] XSim completed. Design snapshot 'TB_Multiplicator_behav' loaded.
INFO: [USF-XSim-97] XSim simulation ran for 1000ns
launch_simulation: Time (s): cpu = 00:00:01 ; elapsed = 00:00:06 . Memory (MB): peak = 1055.988 ; gain = 19.914
current_wave_config {TB_processor_behav.wcfg}
TB_processor_behav.wcfg
add_wave {{/TB_Multiplicator/M}} {{/TB_Multiplicator/Q}} {{/TB_Multiplicator/P}} 
save_wave_config {F:/New folder/NanoProcessorUpgraded/TB_processor_behav.wcfg}
close_sim
INFO: [Simtcl 6-16] Simulation closed
launch_simulation
INFO: [Vivado 12-5682] Launching behavioral simulation in 'F:/New folder/NanoProcessorUpgraded/Nano Processor.sim/sim_1/behav/xsim'
INFO: [SIM-utils-51] Simulation object is 'sim_1'
INFO: [SIM-utils-54] Inspecting design source files for 'TB_Multiplicator' in fileset 'sim_1'...
INFO: [USF-XSim-97] Finding global include files...
INFO: [USF-XSim-98] Fetching design files from 'sim_1'...
INFO: [USF-XSim-2] XSim::Compile design
INFO: [USF-XSim-61] Executing 'COMPILE and ANALYZE' step in 'F:/New folder/NanoProcessorUpgraded/Nano Processor.sim/sim_1/behav/xsim'
"xvhdl --incr --relax -prj TB_Multiplicator_vhdl.prj"
INFO: [USF-XSim-69] 'compile' step finished in '2' seconds
INFO: [USF-XSim-3] XSim::Elaborate design
INFO: [USF-XSim-61] Executing 'ELABORATE' step in 'F:/New folder/NanoProcessorUpgraded/Nano Processor.sim/sim_1/behav/xsim'
Vivado Simulator 2018.2
Copyright 1986-1999, 2001-2018 Xilinx, Inc. All Rights Reserved.
Running: C:/Xilinx/Vivado/2018.2/bin/unwrapped/win64.o/xelab.exe -wto 2336290a19254460a9c4c30458859528 --incr --debug typical --relax --mt 2 -L xil_defaultlib -L secureip --snapshot TB_Multiplicator_behav xil_defaultlib.TB_Multiplicator -log elaborate.log 
Using 2 slave threads.
Starting static elaboration
Completed static elaboration
INFO: [XSIM 43-4323] No Change in HDL. Linking previously generated obj files to create kernel
INFO: [USF-XSim-69] 'elaborate' step finished in '1' seconds
INFO: [USF-XSim-4] XSim::Simulate design
INFO: [USF-XSim-61] Executing 'SIMULATE' step in 'F:/New folder/NanoProcessorUpgraded/Nano Processor.sim/sim_1/behav/xsim'
INFO: [USF-XSim-98] *** Running xsim
   with args "TB_Multiplicator_behav -key {Behavioral:sim_1:Functional:TB_Multiplicator} -tclbatch {TB_Multiplicator.tcl} -view {{F:/New folder/NanoProcessorUpgraded/TB_processor_behav.wcfg}} -log {simulate.log}"
INFO: [USF-XSim-8] Loading simulator feature
Vivado Simulator 2018.2
Time resolution is 1 ps
open_wave_config {F:/New folder/NanoProcessorUpgraded/TB_processor_behav.wcfg}
source TB_Multiplicator.tcl
# set curr_wave [current_wave_config]
# if { [string length $curr_wave] == 0 } {
#   if { [llength [get_objects]] > 0} {
#     add_wave /
#     set_property needs_save false [current_wave_config]
#   } else {
#      send_msg_id Add_Wave-1 WARNING "No top level signals found. Simulator will start without a wave window. If you want to open a wave window go to 'File->New Waveform Configuration' or type 'create_wave_config' in the TCL console."
#   }
# }
# run 1000ns
INFO: [USF-XSim-96] XSim completed. Design snapshot 'TB_Multiplicator_behav' loaded.
INFO: [USF-XSim-97] XSim simulation ran for 1000ns
close_sim
INFO: [Simtcl 6-16] Simulation closed
exit
INFO: [Common 17-206] Exiting Vivado at Mon Jun  5 23:26:43 2023...
