#-----------------------------------------------------------
# Vivado v2018.2 (64-bit)
# SW Build 2258646 on Thu Jun 14 20:03:12 MDT 2018
# IP Build 2256618 on Thu Jun 14 22:10:49 MDT 2018
# Start of session at: Fri Jun  2 07:13:57 2023
# Process ID: 15592
# Current directory: F:/Nano-Processor-2
# Command line: vivado.exe -gui_launcher_event rodinguilauncherevent39932 F:\Nano-Processor-2\Nano Processor.xpr
# Log file: F:/Nano-Processor-2/vivado.log
# Journal file: F:/Nano-Processor-2\vivado.jou
#-----------------------------------------------------------
start_gui
open_project {F:/Nano-Processor-2/Nano Processor.xpr}
INFO: [Project 1-313] Project file moved from 'F:/New folder/Nano-Processor-2' since last save.
Scanning sources...
Finished scanning sources
INFO: [IP_Flow 19-234] Refreshing IP repositories
INFO: [IP_Flow 19-1704] No user IP repositories specified
INFO: [IP_Flow 19-2313] Loaded Vivado IP repository 'C:/Xilinx/Vivado/2018.2/data/ip'.
update_compile_order -fileset sources_1
exit
INFO: [Common 17-206] Exiting Vivado at Fri Jun  2 07:15:43 2023...
