#-----------------------------------------------------------
# Vivado v2018.2 (64-bit)
# SW Build 2258646 on Thu Jun 14 20:03:12 MDT 2018
# IP Build 2256618 on Thu Jun 14 22:10:49 MDT 2018
# Start of session at: Sun Jun  4 16:47:17 2023
# Process ID: 21956
# Current directory: F:/New folder/NanoProcessorUpgraded
# Command line: vivado.exe -gui_launcher_event rodinguilauncherevent23148 F:\New folder\NanoProcessorUpgraded\Nano Processor.xpr
# Log file: F:/New folder/NanoProcessorUpgraded/vivado.log
# Journal file: F:/New folder/NanoProcessorUpgraded\vivado.jou
#-----------------------------------------------------------
start_gui
open_project {F:/New folder/NanoProcessorUpgraded/Nano Processor.xpr}
INFO: [Project 1-313] Project file moved from 'F:/New folder/Nano-Processor-2' since last save.
Scanning sources...
Finished scanning sources
INFO: [IP_Flow 19-234] Refreshing IP repositories
INFO: [IP_Flow 19-1704] No user IP repositories specified
INFO: [IP_Flow 19-2313] Loaded Vivado IP repository 'C:/Xilinx/Vivado/2018.2/data/ip'.
open_project: Time (s): cpu = 00:00:03 ; elapsed = 00:00:05 . Memory (MB): peak = 963.355 ; gain = 207.020
update_compile_order -fileset sources_1
exit
INFO: [Common 17-206] Exiting Vivado at Sun Jun  4 17:33:50 2023...
