#-----------------------------------------------------------
# Vivado v2018.2 (64-bit)
# SW Build 2258646 on Thu Jun 14 20:03:12 MDT 2018
# IP Build 2256618 on Thu Jun 14 22:10:49 MDT 2018
# Start of session at: Sat Jun 10 19:08:26 2023
# Process ID: 35432
# Current directory: C:/Users/dilum/Desktop/NanoProcessorUpgraded
# Command line: vivado.exe -gui_launcher_event rodinguilauncherevent28364 C:\Users\dilum\Desktop\NanoProcessorUpgraded\Nano Processor.xpr
# Log file: C:/Users/dilum/Desktop/NanoProcessorUpgraded/vivado.log
# Journal file: C:/Users/dilum/Desktop/NanoProcessorUpgraded\vivado.jou
#-----------------------------------------------------------
start_gui
open_project {C:/Users/dilum/Desktop/NanoProcessorUpgraded/Nano Processor.xpr}
INFO: [Project 1-313] Project file moved from 'E:/NanoProcessorUpgraded' since last save.
Scanning sources...
Finished scanning sources
INFO: [IP_Flow 19-234] Refreshing IP repositories
INFO: [IP_Flow 19-1704] No user IP repositories specified
INFO: [IP_Flow 19-2313] Loaded Vivado IP repository 'C:/Xilinx/Vivado/2018.2/data/ip'.
open_project: Time (s): cpu = 00:00:04 ; elapsed = 00:00:05 . Memory (MB): peak = 994.102 ; gain = 227.070
update_compile_order -fileset sources_1
launch_simulation
INFO: [Vivado 12-5682] Launching behavioral simulation in 'C:/Users/dilum/Desktop/NanoProcessorUpgraded/Nano Processor.sim/sim_1/behav/xsim'
INFO: [SIM-utils-51] Simulation object is 'sim_1'
INFO: [SIM-utils-54] Inspecting design source files for 'TB_processor' in fileset 'sim_1'...
INFO: [USF-XSim-97] Finding global include files...
INFO: [USF-XSim-98] Fetching design files from 'sim_1'...
INFO: [USF-XSim-2] XSim::Compile design
INFO: [USF-XSim-61] Executing 'COMPILE and ANALYZE' step in 'C:/Users/dilum/Desktop/NanoProcessorUpgraded/Nano Processor.sim/sim_1/behav/xsim'
"xvhdl --incr --relax -prj TB_processor_vhdl.prj"
INFO: [VRFC 10-163] Analyzing VHDL file "C:/Users/dilum/Desktop/NanoProcessorUpgraded/Nano Processor.srcs/sources_1/new/AND_bitwise.vhd" into library xil_defaultlib
INFO: [VRFC 10-307] analyzing entity AND_bitwise
INFO: [VRFC 10-163] Analyzing VHDL file "C:/Users/dilum/Desktop/NanoProcessorUpgraded/Nano Processor.srcs/sources_1/new/Adder_bit_3.vhd" into library xil_defaultlib
INFO: [VRFC 10-307] analyzing entity Adder_bit_3
INFO: [VRFC 10-163] Analyzing VHDL file "C:/Users/dilum/Desktop/NanoProcessorUpgraded/Nano Processor.srcs/sources_1/new/D_FF.vhd" into library xil_defaultlib
INFO: [VRFC 10-307] analyzing entity D_FF
INFO: [VRFC 10-163] Analyzing VHDL file "C:/Users/dilum/Desktop/NanoProcessorUpgraded/Nano Processor.srcs/sources_1/new/Decoder_2_to_4.vhd" into library xil_defaultlib
INFO: [VRFC 10-307] analyzing entity Decoder_2_to_4
INFO: [VRFC 10-163] Analyzing VHDL file "C:/Users/dilum/Desktop/NanoProcessorUpgraded/Nano Processor.srcs/sources_1/new/Decoder_3_to_8.vhd" into library xil_defaultlib
INFO: [VRFC 10-307] analyzing entity Decoder_3_to_8
INFO: [VRFC 10-163] Analyzing VHDL file "C:/Users/dilum/Desktop/NanoProcessorUpgraded/Nano Processor.srcs/sources_1/new/FA.vhd" into library xil_defaultlib
INFO: [VRFC 10-307] analyzing entity FA
INFO: [VRFC 10-163] Analyzing VHDL file "C:/Users/dilum/Desktop/NanoProcessorUpgraded/Nano Processor.srcs/sources_1/new/HA.vhd" into library xil_defaultlib
INFO: [VRFC 10-307] analyzing entity HA
INFO: [VRFC 10-163] Analyzing VHDL file "C:/Users/dilum/Desktop/NanoProcessorUpgraded/Nano Processor.srcs/sources_1/new/Instruction_Decoder.vhd" into library xil_defaultlib
INFO: [VRFC 10-307] analyzing entity Instruction_Decoder
INFO: [VRFC 10-163] Analyzing VHDL file "C:/Users/dilum/Desktop/NanoProcessorUpgraded/Nano Processor.srcs/sources_1/new/LUT_16_7.vhd" into library xil_defaultlib
INFO: [VRFC 10-307] analyzing entity LUT_16_7_segment
INFO: [VRFC 10-163] Analyzing VHDL file "C:/Users/dilum/Desktop/NanoProcessorUpgraded/Nano Processor.srcs/sources_1/new/Left_Bit_shift.vhd" into library xil_defaultlib
INFO: [VRFC 10-307] analyzing entity Left_Bit_shift
INFO: [VRFC 10-163] Analyzing VHDL file "C:/Users/dilum/Desktop/NanoProcessorUpgraded/Nano Processor.srcs/sources_1/new/Multiplicater.vhd" into library xil_defaultlib
INFO: [VRFC 10-307] analyzing entity Multiplier_4_by_4
INFO: [VRFC 10-163] Analyzing VHDL file "C:/Users/dilum/Desktop/NanoProcessorUpgraded/Nano Processor.srcs/sources_1/new/Mux_2_to_1.vhd" into library xil_defaultlib
INFO: [VRFC 10-307] analyzing entity Mux_2_to_1
INFO: [VRFC 10-163] Analyzing VHDL file "C:/Users/dilum/Desktop/NanoProcessorUpgraded/Nano Processor.srcs/sources_1/new/Mux_2_to_1_bit_3.vhd" into library xil_defaultlib
INFO: [VRFC 10-307] analyzing entity Mux_2_to_1_bit_3
INFO: [VRFC 10-163] Analyzing VHDL file "C:/Users/dilum/Desktop/NanoProcessorUpgraded/Nano Processor.srcs/sources_1/new/Mux_8_to_1.vhd" into library xil_defaultlib
INFO: [VRFC 10-307] analyzing entity Mux_8_to_1
INFO: [VRFC 10-163] Analyzing VHDL file "C:/Users/dilum/Desktop/NanoProcessorUpgraded/Nano Processor.srcs/sources_1/new/Mux_8_way_4_bit.vhd" into library xil_defaultlib
INFO: [VRFC 10-307] analyzing entity Mux_8_to_1_bit_4
INFO: [VRFC 10-163] Analyzing VHDL file "C:/Users/dilum/Desktop/NanoProcessorUpgraded/Nano Processor.srcs/sources_1/new/Processor.vhd" into library xil_defaultlib
INFO: [VRFC 10-307] analyzing entity Processor
INFO: [VRFC 10-163] Analyzing VHDL file "C:/Users/dilum/Desktop/NanoProcessorUpgraded/Nano Processor.srcs/sources_1/new/Program_counter.vhd" into library xil_defaultlib
INFO: [VRFC 10-307] analyzing entity Program_counter
INFO: [VRFC 10-163] Analyzing VHDL file "C:/Users/dilum/Desktop/NanoProcessorUpgraded/Nano Processor.srcs/sources_1/new/ROM.vhd" into library xil_defaultlib
INFO: [VRFC 10-307] analyzing entity ROM
INFO: [VRFC 10-163] Analyzing VHDL file "C:/Users/dilum/Desktop/NanoProcessorUpgraded/Nano Processor.srcs/sources_1/new/reg.vhd" into library xil_defaultlib
INFO: [VRFC 10-307] analyzing entity reg
INFO: [VRFC 10-163] Analyzing VHDL file "C:/Users/dilum/Desktop/NanoProcessorUpgraded/Nano Processor.srcs/sources_1/new/Right_Bit_shift.vhd" into library xil_defaultlib
INFO: [VRFC 10-307] analyzing entity Right_Bit_shift
INFO: [VRFC 10-163] Analyzing VHDL file "C:/Users/dilum/Desktop/NanoProcessorUpgraded/Nano Processor.srcs/sources_1/new/Slow_Clk.vhd" into library xil_defaultlib
INFO: [VRFC 10-307] analyzing entity Slow_Clk
INFO: [VRFC 10-163] Analyzing VHDL file "C:/Users/dilum/Desktop/NanoProcessorUpgraded/Nano Processor.srcs/sources_1/new/Sub_Add_4_bit.vhd" into library xil_defaultlib
INFO: [VRFC 10-307] analyzing entity Sub_Add_4_bit
INFO: [VRFC 10-163] Analyzing VHDL file "C:/Users/dilum/Desktop/NanoProcessorUpgraded/Nano Processor.srcs/sources_1/new/reg_bank.vhd" into library xil_defaultlib
INFO: [VRFC 10-307] analyzing entity reg_bank
INFO: [VRFC 10-163] Analyzing VHDL file "C:/Users/dilum/Desktop/NanoProcessorUpgraded/Nano Processor.srcs/sim_1/new/TB_processor.vhd" into library xil_defaultlib
INFO: [VRFC 10-307] analyzing entity TB_processor
INFO: [USF-XSim-69] 'compile' step finished in '1' seconds
INFO: [USF-XSim-3] XSim::Elaborate design
INFO: [USF-XSim-61] Executing 'ELABORATE' step in 'C:/Users/dilum/Desktop/NanoProcessorUpgraded/Nano Processor.sim/sim_1/behav/xsim'
Vivado Simulator 2018.2
Copyright 1986-1999, 2001-2018 Xilinx, Inc. All Rights Reserved.
Running: C:/Xilinx/Vivado/2018.2/bin/unwrapped/win64.o/xelab.exe -wto 2336290a19254460a9c4c30458859528 --incr --debug typical --relax --mt 2 -L xil_defaultlib -L secureip --snapshot TB_processor_behav xil_defaultlib.TB_processor -log elaborate.log 
Using 2 slave threads.
Starting static elaboration
Completed static elaboration
Starting simulation data flow analysis
Completed simulation data flow analysis
Time Resolution for simulation is 1ps
Compiling package std.standard
Compiling package std.textio
Compiling package ieee.std_logic_1164
Compiling package ieee.numeric_std
Compiling architecture behavioral of entity xil_defaultlib.Slow_Clk [slow_clk_default]
Compiling architecture behavioral of entity xil_defaultlib.D_FF [d_ff_default]
Compiling architecture behavioral of entity xil_defaultlib.Program_counter [program_counter_default]
Compiling architecture behavioral of entity xil_defaultlib.Decoder_2_to_4 [decoder_2_to_4_default]
Compiling architecture behavioral of entity xil_defaultlib.Decoder_3_to_8 [decoder_3_to_8_default]
Compiling architecture behavioral of entity xil_defaultlib.reg [reg_default]
Compiling architecture behavioral of entity xil_defaultlib.reg_bank [reg_bank_default]
Compiling architecture behavioral of entity xil_defaultlib.Mux_8_to_1 [mux_8_to_1_default]
Compiling architecture behavioral of entity xil_defaultlib.Mux_8_to_1_bit_4 [mux_8_to_1_bit_4_default]
Compiling architecture behavioral of entity xil_defaultlib.HA [ha_default]
Compiling architecture behavioral of entity xil_defaultlib.FA [fa_default]
Compiling architecture behavioral of entity xil_defaultlib.Multiplier_4_by_4 [multiplier_4_by_4_default]
Compiling architecture behavioral of entity xil_defaultlib.Left_Bit_shift [left_bit_shift_default]
Compiling architecture behavioral of entity xil_defaultlib.Right_Bit_shift [right_bit_shift_default]
Compiling architecture behavioral of entity xil_defaultlib.AND_bitwise [and_bitwise_default]
Compiling architecture behavioral of entity xil_defaultlib.Sub_Add_4_bit [sub_add_4_bit_default]
Compiling architecture behavioral of entity xil_defaultlib.Adder_bit_3 [adder_bit_3_default]
Compiling architecture behavioral of entity xil_defaultlib.Mux_2_to_1 [mux_2_to_1_default]
Compiling architecture behavioral of entity xil_defaultlib.Mux_2_to_1_bit_3 [mux_2_to_1_bit_3_default]
Compiling architecture behavioral of entity xil_defaultlib.ROM [rom_default]
Compiling architecture behavioral of entity xil_defaultlib.Instruction_Decoder [instruction_decoder_default]
Compiling architecture behavioral of entity xil_defaultlib.LUT_16_7_segment [lut_16_7_segment_default]
Compiling architecture behavioral of entity xil_defaultlib.Processor [processor_default]
Compiling architecture behavioral of entity xil_defaultlib.tb_processor
Built simulation snapshot TB_processor_behav
INFO: [USF-XSim-69] 'elaborate' step finished in '1' seconds
INFO: [USF-XSim-4] XSim::Simulate design
INFO: [USF-XSim-61] Executing 'SIMULATE' step in 'C:/Users/dilum/Desktop/NanoProcessorUpgraded/Nano Processor.sim/sim_1/behav/xsim'
INFO: [USF-XSim-98] *** Running xsim
   with args "TB_processor_behav -key {Behavioral:sim_1:Functional:TB_processor} -tclbatch {TB_processor.tcl} -view {C:/Users/dilum/Desktop/NanoProcessorUpgraded/TB_processor_behav.wcfg} -log {simulate.log}"
INFO: [USF-XSim-8] Loading simulator feature
Vivado Simulator 2018.2
Time resolution is 1 ps
open_wave_config C:/Users/dilum/Desktop/NanoProcessorUpgraded/TB_processor_behav.wcfg
source TB_processor.tcl
# set curr_wave [current_wave_config]
# if { [string length $curr_wave] == 0 } {
#   if { [llength [get_objects]] > 0} {
#     add_wave /
#     set_property needs_save false [current_wave_config]
#   } else {
#      send_msg_id Add_Wave-1 WARNING "No top level signals found. Simulator will start without a wave window. If you want to open a wave window go to 'File->New Waveform Configuration' or type 'create_wave_config' in the TCL console."
#   }
# }
# run 1000ns
INFO: [USF-XSim-96] XSim completed. Design snapshot 'TB_processor_behav' loaded.
INFO: [USF-XSim-97] XSim simulation ran for 1000ns
update_compile_order -fileset sources_1
update_compile_order -fileset sources_1
update_compile_order -fileset sources_1
update_compile_order -fileset sources_1
close_sim
INFO: [Simtcl 6-16] Simulation closed
launch_simulation
INFO: [Vivado 12-5682] Launching behavioral simulation in 'C:/Users/dilum/Desktop/NanoProcessorUpgraded/Nano Processor.sim/sim_1/behav/xsim'
INFO: [SIM-utils-51] Simulation object is 'sim_1'
INFO: [SIM-utils-54] Inspecting design source files for 'TB_processor' in fileset 'sim_1'...
INFO: [USF-XSim-97] Finding global include files...
INFO: [USF-XSim-98] Fetching design files from 'sim_1'...
INFO: [USF-XSim-2] XSim::Compile design
INFO: [USF-XSim-61] Executing 'COMPILE and ANALYZE' step in 'C:/Users/dilum/Desktop/NanoProcessorUpgraded/Nano Processor.sim/sim_1/behav/xsim'
"xvhdl --incr --relax -prj TB_processor_vhdl.prj"
INFO: [VRFC 10-163] Analyzing VHDL file "C:/Users/dilum/Desktop/NanoProcessorUpgraded/Nano Processor.srcs/sources_1/new/Adder_bit_3.vhd" into library xil_defaultlib
INFO: [VRFC 10-307] analyzing entity Adder_bit_4
INFO: [VRFC 10-163] Analyzing VHDL file "C:/Users/dilum/Desktop/NanoProcessorUpgraded/Nano Processor.srcs/sources_1/new/Instruction_Decoder.vhd" into library xil_defaultlib
INFO: [VRFC 10-307] analyzing entity Instruction_Decoder
INFO: [VRFC 10-163] Analyzing VHDL file "C:/Users/dilum/Desktop/NanoProcessorUpgraded/Nano Processor.srcs/sources_1/new/Mux_2_to_1_bit_3.vhd" into library xil_defaultlib
INFO: [VRFC 10-307] analyzing entity Mux_2_to_1_bit_4
INFO: [VRFC 10-163] Analyzing VHDL file "C:/Users/dilum/Desktop/NanoProcessorUpgraded/Nano Processor.srcs/sources_1/new/Processor.vhd" into library xil_defaultlib
INFO: [VRFC 10-307] analyzing entity Processor
INFO: [VRFC 10-163] Analyzing VHDL file "C:/Users/dilum/Desktop/NanoProcessorUpgraded/Nano Processor.srcs/sources_1/new/Program_counter.vhd" into library xil_defaultlib
INFO: [VRFC 10-307] analyzing entity Program_counter
INFO: [VRFC 10-163] Analyzing VHDL file "C:/Users/dilum/Desktop/NanoProcessorUpgraded/Nano Processor.srcs/sources_1/new/ROM.vhd" into library xil_defaultlib
INFO: [VRFC 10-307] analyzing entity ROM
INFO: [USF-XSim-69] 'compile' step finished in '1' seconds
INFO: [USF-XSim-3] XSim::Elaborate design
INFO: [USF-XSim-61] Executing 'ELABORATE' step in 'C:/Users/dilum/Desktop/NanoProcessorUpgraded/Nano Processor.sim/sim_1/behav/xsim'
Vivado Simulator 2018.2
Copyright 1986-1999, 2001-2018 Xilinx, Inc. All Rights Reserved.
Running: C:/Xilinx/Vivado/2018.2/bin/unwrapped/win64.o/xelab.exe -wto 2336290a19254460a9c4c30458859528 --incr --debug typical --relax --mt 2 -L xil_defaultlib -L secureip --snapshot TB_processor_behav xil_defaultlib.TB_processor -log elaborate.log 
Using 2 slave threads.
Starting static elaboration
Completed static elaboration
Starting simulation data flow analysis
Completed simulation data flow analysis
Time Resolution for simulation is 1ps
Compiling package std.standard
Compiling package std.textio
Compiling package ieee.std_logic_1164
Compiling package ieee.numeric_std
Compiling architecture behavioral of entity xil_defaultlib.Slow_Clk [slow_clk_default]
Compiling architecture behavioral of entity xil_defaultlib.D_FF [d_ff_default]
Compiling architecture behavioral of entity xil_defaultlib.Program_counter [program_counter_default]
Compiling architecture behavioral of entity xil_defaultlib.Decoder_2_to_4 [decoder_2_to_4_default]
Compiling architecture behavioral of entity xil_defaultlib.Decoder_3_to_8 [decoder_3_to_8_default]
Compiling architecture behavioral of entity xil_defaultlib.reg [reg_default]
Compiling architecture behavioral of entity xil_defaultlib.reg_bank [reg_bank_default]
Compiling architecture behavioral of entity xil_defaultlib.Mux_8_to_1 [mux_8_to_1_default]
Compiling architecture behavioral of entity xil_defaultlib.Mux_8_to_1_bit_4 [mux_8_to_1_bit_4_default]
Compiling architecture behavioral of entity xil_defaultlib.HA [ha_default]
Compiling architecture behavioral of entity xil_defaultlib.FA [fa_default]
Compiling architecture behavioral of entity xil_defaultlib.Multiplier_4_by_4 [multiplier_4_by_4_default]
Compiling architecture behavioral of entity xil_defaultlib.Left_Bit_shift [left_bit_shift_default]
Compiling architecture behavioral of entity xil_defaultlib.Right_Bit_shift [right_bit_shift_default]
Compiling architecture behavioral of entity xil_defaultlib.AND_bitwise [and_bitwise_default]
Compiling architecture behavioral of entity xil_defaultlib.Sub_Add_4_bit [sub_add_4_bit_default]
Compiling architecture behavioral of entity xil_defaultlib.Adder_bit_4 [adder_bit_4_default]
Compiling architecture behavioral of entity xil_defaultlib.Mux_2_to_1 [mux_2_to_1_default]
Compiling architecture behavioral of entity xil_defaultlib.Mux_2_to_1_bit_4 [mux_2_to_1_bit_4_default]
Compiling architecture behavioral of entity xil_defaultlib.ROM [rom_default]
Compiling architecture behavioral of entity xil_defaultlib.Instruction_Decoder [instruction_decoder_default]
Compiling architecture behavioral of entity xil_defaultlib.LUT_16_7_segment [lut_16_7_segment_default]
Compiling architecture behavioral of entity xil_defaultlib.Processor [processor_default]
Compiling architecture behavioral of entity xil_defaultlib.tb_processor
Built simulation snapshot TB_processor_behav
INFO: [USF-XSim-69] 'elaborate' step finished in '1' seconds
INFO: [USF-XSim-4] XSim::Simulate design
INFO: [USF-XSim-61] Executing 'SIMULATE' step in 'C:/Users/dilum/Desktop/NanoProcessorUpgraded/Nano Processor.sim/sim_1/behav/xsim'
INFO: [USF-XSim-98] *** Running xsim
   with args "TB_processor_behav -key {Behavioral:sim_1:Functional:TB_processor} -tclbatch {TB_processor.tcl} -view {C:/Users/dilum/Desktop/NanoProcessorUpgraded/TB_processor_behav.wcfg} -log {simulate.log}"
INFO: [USF-XSim-8] Loading simulator feature
Vivado Simulator 2018.2
Time resolution is 1 ps
open_wave_config C:/Users/dilum/Desktop/NanoProcessorUpgraded/TB_processor_behav.wcfg
source TB_processor.tcl
# set curr_wave [current_wave_config]
# if { [string length $curr_wave] == 0 } {
#   if { [llength [get_objects]] > 0} {
#     add_wave /
#     set_property needs_save false [current_wave_config]
#   } else {
#      send_msg_id Add_Wave-1 WARNING "No top level signals found. Simulator will start without a wave window. If you want to open a wave window go to 'File->New Waveform Configuration' or type 'create_wave_config' in the TCL console."
#   }
# }
# run 1000ns
INFO: [USF-XSim-96] XSim completed. Design snapshot 'TB_processor_behav' loaded.
INFO: [USF-XSim-97] XSim simulation ran for 1000ns
launch_simulation: Time (s): cpu = 00:00:01 ; elapsed = 00:00:06 . Memory (MB): peak = 1067.094 ; gain = 3.691
close_sim
INFO: [Simtcl 6-16] Simulation closed
launch_simulation
INFO: [Vivado 12-5682] Launching behavioral simulation in 'C:/Users/dilum/Desktop/NanoProcessorUpgraded/Nano Processor.sim/sim_1/behav/xsim'
INFO: [SIM-utils-51] Simulation object is 'sim_1'
INFO: [SIM-utils-54] Inspecting design source files for 'TB_processor' in fileset 'sim_1'...
INFO: [USF-XSim-97] Finding global include files...
INFO: [USF-XSim-98] Fetching design files from 'sim_1'...
INFO: [USF-XSim-2] XSim::Compile design
INFO: [USF-XSim-61] Executing 'COMPILE and ANALYZE' step in 'C:/Users/dilum/Desktop/NanoProcessorUpgraded/Nano Processor.sim/sim_1/behav/xsim'
"xvhdl --incr --relax -prj TB_processor_vhdl.prj"
INFO: [USF-XSim-69] 'compile' step finished in '1' seconds
INFO: [USF-XSim-3] XSim::Elaborate design
INFO: [USF-XSim-61] Executing 'ELABORATE' step in 'C:/Users/dilum/Desktop/NanoProcessorUpgraded/Nano Processor.sim/sim_1/behav/xsim'
Vivado Simulator 2018.2
Copyright 1986-1999, 2001-2018 Xilinx, Inc. All Rights Reserved.
Running: C:/Xilinx/Vivado/2018.2/bin/unwrapped/win64.o/xelab.exe -wto 2336290a19254460a9c4c30458859528 --incr --debug typical --relax --mt 2 -L xil_defaultlib -L secureip --snapshot TB_processor_behav xil_defaultlib.TB_processor -log elaborate.log 
Using 2 slave threads.
Starting static elaboration
Completed static elaboration
INFO: [XSIM 43-4323] No Change in HDL. Linking previously generated obj files to create kernel
INFO: [USF-XSim-69] 'elaborate' step finished in '2' seconds
INFO: [USF-XSim-4] XSim::Simulate design
INFO: [USF-XSim-61] Executing 'SIMULATE' step in 'C:/Users/dilum/Desktop/NanoProcessorUpgraded/Nano Processor.sim/sim_1/behav/xsim'
INFO: [USF-XSim-98] *** Running xsim
   with args "TB_processor_behav -key {Behavioral:sim_1:Functional:TB_processor} -tclbatch {TB_processor.tcl} -view {C:/Users/dilum/Desktop/NanoProcessorUpgraded/TB_processor_behav.wcfg} -log {simulate.log}"
INFO: [USF-XSim-8] Loading simulator feature
Vivado Simulator 2018.2
Time resolution is 1 ps
open_wave_config C:/Users/dilum/Desktop/NanoProcessorUpgraded/TB_processor_behav.wcfg
source TB_processor.tcl
# set curr_wave [current_wave_config]
# if { [string length $curr_wave] == 0 } {
#   if { [llength [get_objects]] > 0} {
#     add_wave /
#     set_property needs_save false [current_wave_config]
#   } else {
#      send_msg_id Add_Wave-1 WARNING "No top level signals found. Simulator will start without a wave window. If you want to open a wave window go to 'File->New Waveform Configuration' or type 'create_wave_config' in the TCL console."
#   }
# }
# run 1000ns
INFO: [USF-XSim-96] XSim completed. Design snapshot 'TB_processor_behav' loaded.
INFO: [USF-XSim-97] XSim simulation ran for 1000ns
current_wave_config {TB_processor_behav.wcfg}
TB_processor_behav.wcfg
add_wave {{/TB_processor/UUT/Programcounter/Q}} 
save_wave_config {C:/Users/dilum/Desktop/NanoProcessorUpgraded/TB_processor_behav.wcfg}
close_sim
INFO: [Simtcl 6-16] Simulation closed
launch_simulation
INFO: [Vivado 12-5682] Launching behavioral simulation in 'C:/Users/dilum/Desktop/NanoProcessorUpgraded/Nano Processor.sim/sim_1/behav/xsim'
INFO: [SIM-utils-51] Simulation object is 'sim_1'
INFO: [SIM-utils-54] Inspecting design source files for 'TB_processor' in fileset 'sim_1'...
INFO: [USF-XSim-97] Finding global include files...
INFO: [USF-XSim-98] Fetching design files from 'sim_1'...
INFO: [USF-XSim-2] XSim::Compile design
INFO: [USF-XSim-61] Executing 'COMPILE and ANALYZE' step in 'C:/Users/dilum/Desktop/NanoProcessorUpgraded/Nano Processor.sim/sim_1/behav/xsim'
"xvhdl --incr --relax -prj TB_processor_vhdl.prj"
INFO: [USF-XSim-69] 'compile' step finished in '1' seconds
INFO: [USF-XSim-3] XSim::Elaborate design
INFO: [USF-XSim-61] Executing 'ELABORATE' step in 'C:/Users/dilum/Desktop/NanoProcessorUpgraded/Nano Processor.sim/sim_1/behav/xsim'
Vivado Simulator 2018.2
Copyright 1986-1999, 2001-2018 Xilinx, Inc. All Rights Reserved.
Running: C:/Xilinx/Vivado/2018.2/bin/unwrapped/win64.o/xelab.exe -wto 2336290a19254460a9c4c30458859528 --incr --debug typical --relax --mt 2 -L xil_defaultlib -L secureip --snapshot TB_processor_behav xil_defaultlib.TB_processor -log elaborate.log 
Using 2 slave threads.
Starting static elaboration
Completed static elaboration
INFO: [XSIM 43-4323] No Change in HDL. Linking previously generated obj files to create kernel
INFO: [USF-XSim-69] 'elaborate' step finished in '1' seconds
INFO: [USF-XSim-4] XSim::Simulate design
INFO: [USF-XSim-61] Executing 'SIMULATE' step in 'C:/Users/dilum/Desktop/NanoProcessorUpgraded/Nano Processor.sim/sim_1/behav/xsim'
INFO: [USF-XSim-98] *** Running xsim
   with args "TB_processor_behav -key {Behavioral:sim_1:Functional:TB_processor} -tclbatch {TB_processor.tcl} -view {C:/Users/dilum/Desktop/NanoProcessorUpgraded/TB_processor_behav.wcfg} -log {simulate.log}"
INFO: [USF-XSim-8] Loading simulator feature
Vivado Simulator 2018.2
Time resolution is 1 ps
open_wave_config C:/Users/dilum/Desktop/NanoProcessorUpgraded/TB_processor_behav.wcfg
source TB_processor.tcl
# set curr_wave [current_wave_config]
# if { [string length $curr_wave] == 0 } {
#   if { [llength [get_objects]] > 0} {
#     add_wave /
#     set_property needs_save false [current_wave_config]
#   } else {
#      send_msg_id Add_Wave-1 WARNING "No top level signals found. Simulator will start without a wave window. If you want to open a wave window go to 'File->New Waveform Configuration' or type 'create_wave_config' in the TCL console."
#   }
# }
# run 1000ns
INFO: [USF-XSim-96] XSim completed. Design snapshot 'TB_processor_behav' loaded.
INFO: [USF-XSim-97] XSim simulation ran for 1000ns
reset_run synth_1
WARNING: [Vivado 12-1017] Problems encountered:
1. Failed to delete one or more files in run directory C:/Users/dilum/Desktop/NanoProcessorUpgraded/Nano Processor.runs/synth_1

close_sim
INFO: [Simtcl 6-16] Simulation closed
exit
INFO: [Common 17-206] Exiting Vivado at Sat Jun 10 19:33:05 2023...
